\BOOKMARK [1][-]{section.1}{\376\377\000P\000u\000r\000p\000o\000s\000e\000\040\000o\000f\000\040\000T\000h\000i\000s\000\040\000R\000e\000p\000o\000s\000i\000t\000o\000r\000y}{}% 1
\BOOKMARK [1][-]{section.2}{\376\377\000R\000e\000p\000o\000s\000i\000t\000o\000r\000y\000\040\000M\000a\000p}{}% 2
\BOOKMARK [1][-]{section.3}{\376\377\000W\000h\000a\000t\000\040\000t\000h\000e\000\040\000S\000o\000l\000v\000e\000r\000\040\000A\000c\000t\000u\000a\000l\000l\000y\000\040\000S\000i\000m\000u\000l\000a\000t\000e\000s}{}% 3
\BOOKMARK [2][-]{subsection.3.1}{\376\377\000G\000e\000o\000m\000e\000t\000r\000y}{section.3}% 4
\BOOKMARK [2][-]{subsection.3.2}{\376\377\000P\000a\000r\000t\000i\000c\000l\000e\000s}{section.3}% 5
\BOOKMARK [2][-]{subsection.3.3}{\376\377\000C\000o\000r\000e\000\040\000P\000h\000y\000s\000i\000c\000s\000\040\000M\000o\000d\000e\000l}{section.3}% 6
\BOOKMARK [1][-]{section.4}{\376\377\000H\000o\000w\000\040\000t\000h\000e\000\040\000M\000a\000i\000n\000\040\000T\000i\000m\000e\000\040\000L\000o\000o\000p\000\040\000W\000o\000r\000k\000s}{}% 7
\BOOKMARK [1][-]{section.5}{\376\377\000C\000o\000m\000p\000o\000s\000i\000t\000i\000o\000n\000\040\000a\000n\000d\000\040\000P\000a\000c\000k\000i\000n\000g\000\040\000F\000r\000a\000c\000t\000i\000o\000n}{}% 8
\BOOKMARK [2][-]{subsection.5.1}{\376\377\000S\000p\000e\000c\000i\000e\000s\000\040\000F\000r\000a\000c\000t\000i\000o\000n\000s}{section.5}% 9
\BOOKMARK [2][-]{subsection.5.2}{\376\377\000I\000m\000p\000o\000r\000t\000a\000n\000t\000\040\000I\000n\000t\000e\000r\000p\000r\000e\000t\000a\000t\000i\000o\000n}{section.5}% 10
\BOOKMARK [2][-]{subsection.5.3}{\376\377\000P\000a\000c\000k\000i\000n\000g\000\040\000F\000r\000a\000c\000t\000i\000o\000n\000\040\000T\000a\000r\000g\000e\000t}{section.5}% 11
\BOOKMARK [1][-]{section.6}{\376\377\000I\000m\000p\000o\000r\000t\000a\000n\000t\000\040\000S\000o\000l\000v\000e\000r\000\040\000P\000a\000r\000a\000m\000e\000t\000e\000r\000s}{}% 12
\BOOKMARK [2][-]{subsection.6.1}{\376\377\000A\000l\000w\000a\000y\000s\000\040\000I\000m\000p\000o\000r\000t\000a\000n\000t}{section.6}% 13
\BOOKMARK [2][-]{subsection.6.2}{\376\377\000C\000o\000m\000p\000o\000s\000i\000t\000i\000o\000n\000\040\000a\000n\000d\000\040\000S\000i\000z\000e}{section.6}% 14
\BOOKMARK [2][-]{subsection.6.3}{\376\377\000S\000h\000a\000k\000i\000n\000g\000\040\000a\000n\000d\000\040\000M\000o\000t\000i\000o\000n}{section.6}% 15
\BOOKMARK [2][-]{subsection.6.4}{\376\377\000C\000o\000n\000t\000a\000c\000t\000s\000,\000\040\000D\000a\000m\000p\000i\000n\000g\000,\000\040\000a\000n\000d\000\040\000S\000t\000a\000b\000i\000l\000i\000z\000a\000t\000i\000o\000n}{section.6}% 16
\BOOKMARK [2][-]{subsection.6.5}{\376\377\000R\000e\000p\000u\000l\000s\000i\000o\000n\000\040\000a\000n\000d\000\040\000S\000e\000t\000t\000l\000i\000n\000g\000\040\000C\000o\000n\000t\000r\000o\000l\000s}{section.6}% 17
\BOOKMARK [2][-]{subsection.6.6}{\376\377\000O\000u\000t\000p\000u\000t\000\040\000C\000o\000n\000t\000r\000o\000l\000s}{section.6}% 18
\BOOKMARK [1][-]{section.7}{\376\377\000H\000o\000w\000\040\000t\000o\000\040\000B\000u\000i\000l\000d\000\040\000t\000h\000e\000\040\000S\000o\000l\000v\000e\000r}{}% 19
\BOOKMARK [2][-]{subsection.7.1}{\376\377\000W\000i\000n\000d\000o\000w\000s}{section.7}% 20
\BOOKMARK [2][-]{subsection.7.2}{\376\377\000L\000i\000n\000u\000x\000\040\000o\000r\000\040\000m\000a\000c\000O\000S}{section.7}% 21
\BOOKMARK [1][-]{section.8}{\376\377\000H\000o\000w\000\040\000t\000o\000\040\000R\000u\000n\000\040\000O\000n\000e\000\040\000S\000i\000m\000u\000l\000a\000t\000i\000o\000n}{}% 22
\BOOKMARK [2][-]{subsection.8.1}{\376\377\000R\000e\000c\000o\000m\000m\000e\000n\000d\000e\000d\000\040\000F\000i\000r\000s\000t\000\040\000R\000u\000n}{section.8}% 23
\BOOKMARK [2][-]{subsection.8.2}{\376\377\000W\000h\000y\000\040\000T\000h\000i\000s\000\040\000M\000a\000t\000t\000e\000r\000s}{section.8}% 24
\BOOKMARK [1][-]{section.9}{\376\377\000U\000n\000d\000e\000r\000s\000t\000a\000n\000d\000i\000n\000g\000\040\000t\000h\000e\000\040\000O\000u\000t\000p\000u\000t\000\040\000F\000i\000l\000e\000s}{}% 25
\BOOKMARK [2][-]{subsection.9.1}{\376\377\000X\000Y\000Z\000\040\000F\000i\000l\000e\000s}{section.9}% 26
\BOOKMARK [2][-]{subsection.9.2}{\376\377\000V\000T\000K\000\040\000F\000i\000l\000e\000s}{section.9}% 27
\BOOKMARK [2][-]{subsection.9.3}{\376\377\000O\000p\000t\000i\000o\000n\000a\000l\000\040\000D\000o\000m\000a\000i\000n\000\040\000V\000T\000K}{section.9}% 28
\BOOKMARK [1][-]{section.10}{\376\377\000P\000o\000s\000t\000-\000P\000r\000o\000c\000e\000s\000s\000i\000n\000g\000\040\000S\000c\000r\000i\000p\000t\000s}{}% 29
\BOOKMARK [2][-]{subsection.10.1}{\376\377\000t\000e\000s\000t\000i\000n\000g\000/\000\137\000f\000i\000l\000l\000\137\000s\000t\000a\000t\000s\000.\000p\000y}{section.10}% 30
\BOOKMARK [2][-]{subsection.10.2}{\376\377\000I\000n\000t\000e\000r\000p\000r\000e\000t\000a\000t\000i\000o\000n\000\040\000C\000a\000u\000t\000i\000o\000n}{section.10}% 31
\BOOKMARK [2][-]{subsection.10.3}{\376\377\000t\000e\000s\000t\000i\000n\000g\000/\000\137\000a\000t\000o\000m\000s\000\137\000p\000l\000o\000t\000\137\000a\000l\000l\000.\000p\000y}{section.10}% 32
\BOOKMARK [2][-]{subsection.10.4}{\376\377\000t\000e\000s\000t\000i\000n\000g\000\137\000m\000a\000p\000/\000v\000e\000r\000i\000f\000y\000\137\000t\000a\000g\000u\000c\000h\000i\000\137\000c\000a\000s\000e\000s\000.\000p\000y}{section.10}% 33
\BOOKMARK [1][-]{section.11}{\376\377\000T\000a\000g\000u\000c\000h\000i\000\040\000a\000n\000d\000\040\000M\000u\000l\000t\000i\000-\000C\000a\000s\000e\000\040\000W\000o\000r\000k\000f\000l\000o\000w}{}% 34
\BOOKMARK [2][-]{subsection.11.1}{\376\377\000W\000h\000y\000\040\000T\000h\000i\000s\000\040\000E\000x\000i\000s\000t\000s}{section.11}% 35
\BOOKMARK [2][-]{subsection.11.2}{\376\377\000E\000x\000p\000e\000c\000t\000e\000d\000\040\000C\000S\000V\000\040\000C\000o\000l\000u\000m\000n\000s}{section.11}% 36
\BOOKMARK [2][-]{subsection.11.3}{\376\377\000W\000h\000a\000t\000\040\000t\000h\000e\000\040\000S\000c\000r\000i\000p\000t\000\040\000P\000r\000o\000d\000u\000c\000e\000s}{section.11}% 37
\BOOKMARK [2][-]{subsection.11.4}{\376\377\000H\000o\000w\000\040\000t\000o\000\040\000T\000h\000i\000n\000k\000\040\000A\000b\000o\000u\000t\000\040\000a\000\040\000C\000a\000s\000e\000\040\000F\000o\000l\000d\000e\000r}{section.11}% 38
\BOOKMARK [2][-]{subsection.11.5}{\376\377\000S\000u\000g\000g\000e\000s\000t\000e\000d\000\040\000W\000o\000r\000k\000f\000l\000o\000w\000\040\000f\000o\000r\000\040\000S\000w\000e\000e\000p\000s}{section.11}% 39
\BOOKMARK [1][-]{section.12}{\376\377\000O\000l\000d\000\040\000V\000e\000r\000s\000i\000o\000n\000s\000\040\000a\000n\000d\000\040\000H\000i\000s\000t\000o\000r\000i\000c\000a\000l\000\040\000F\000i\000l\000e\000s}{}% 40
\BOOKMARK [1][-]{section.13}{\376\377\000P\000r\000a\000c\000t\000i\000c\000a\000l\000\040\000A\000d\000v\000i\000c\000e\000\040\000f\000o\000r\000\040\000N\000e\000w\000\040\000G\000r\000a\000d\000u\000a\000t\000e\000\040\000S\000t\000u\000d\000e\000n\000t\000s}{}% 41
\BOOKMARK [2][-]{subsection.13.1}{\376\377\000S\000t\000a\000r\000t\000\040\000S\000m\000a\000l\000l}{section.13}% 42
\BOOKMARK [2][-]{subsection.13.2}{\376\377\000R\000e\000c\000o\000r\000d\000\040\000A\000s\000s\000u\000m\000p\000t\000i\000o\000n\000s}{section.13}% 43
\BOOKMARK [2][-]{subsection.13.3}{\376\377\000C\000o\000m\000m\000o\000n\000\040\000B\000e\000g\000i\000n\000n\000e\000r\000\040\000M\000i\000s\000t\000a\000k\000e\000s}{section.13}% 44
\BOOKMARK [1][-]{section.14}{\376\377\000S\000u\000g\000g\000e\000s\000t\000e\000d\000\040\000F\000i\000r\000s\000t\000-\000W\000e\000e\000k\000\040\000L\000e\000a\000r\000n\000i\000n\000g\000\040\000P\000l\000a\000n}{}% 45
\BOOKMARK [1][-]{section.15}{\376\377\000W\000h\000e\000r\000e\000\040\000t\000o\000\040\000E\000d\000i\000t\000\040\000f\000o\000r\000\040\000C\000o\000m\000m\000o\000n\000\040\000T\000a\000s\000k\000s}{}% 46
\BOOKMARK [1][-]{section.16}{\376\377\000K\000n\000o\000w\000n\000\040\000L\000i\000m\000i\000t\000s\000\040\000o\000f\000\040\000t\000h\000e\000\040\000C\000u\000r\000r\000e\000n\000t\000\040\000R\000e\000p\000o\000s\000i\000t\000o\000r\000y}{}% 47
\BOOKMARK [1][-]{section.17}{\376\377\000F\000i\000n\000a\000l\000\040\000T\000a\000k\000e\000a\000w\000a\000y}{}% 48
